Removed Pin From Net: NetName=GPIO12 Pin=J1-1
Removed Pin From Net: NetName=GPIO12 Pin=J1-2
Removed Pin From Net: NetName=GPIO14 Pin=J2-1
Removed Pin From Net: NetName=GPIO14 Pin=J2-2
Removed Pin From Net: NetName=GPIO27 Pin=R15-1
Removed Pin From Net: NetName=GPIO25 Pin=T1-6
Removed Pin From Net: NetName=GPIO33 Pin=T1-7
Removed Pin From Net: NetName=GPIO12 Pin=T1-8
Removed Pin From Net: NetName=GPIO14 Pin=T1-9
Removed Pin From Net: NetName=GPIO15 Pin=T1-12
Added Pin To Net: NetName=GPIO19 Pin=J1-2
Added Pin To Net: NetName=GPIO18 Pin=J2-2
Added Pin To Net: NetName=GPIO23 Pin=T1-6
Added Pin To Net: NetName=GPIO5 Pin=T1-12
Added Pin To Net: NetName=GPIO20 Pin=T1-7
Added Net: Name=GPIO20
Added Pin To Net: NetName=GPIO24 Pin=T1-4
Added Net: Name=GPIO24
Added Pin To Net: NetName=LED Pin=R15-1
Added Net: Name=LED
Added Pin To Net: NetName=TFT SCK Pin=J2-1
Added Pin To Net: NetName=TFT SCK Pin=T1-9
Added Net: Name=TFT SCK
Added Pin To Net: NetName=TFT SDA Pin=J1-1
Added Pin To Net: NetName=TFT SDA Pin=T1-8
Added Net: Name=TFT SDA
Added Room: Name=Sheet1
