Removed Pin From Net: NetName=GPIO21 Pin=P1-2
Removed Pin From Net: NetName=GPIO22 Pin=P1-3
Removed Pin From Net: NetName=MPU_SDA Pin=SW_IMU2-1
Removed Pin From Net: NetName=MPU_SCL Pin=SW_IMU2-2
Removed Pin From Net: NetName=GPIO22 Pin=SW_IMU2-3
Removed Pin From Net: NetName=GPIO21 Pin=SW_IMU2-4
Removed Pin From Net: NetName=GPIO26 Pin=SW_TF1-5
Removed Pin From Net: NetName=GPIO14 Pin=SW_TF1-6
Removed Pin From Net: NetName=GPIO13 Pin=SW_TF1-7
Removed Pin From Net: NetName=GPIO15 Pin=SW_TF1-8
Removed Member From Class: ClassName=Sheet1 Member=SW_IMU2
Removed Member From Class: ClassName=Sheet1 Member=SW_TF1
Added Component: Designator=J1(0402-0R)
Add component (AddParameter): Name = "LatestRevisionDate"; Value = "17-Jul-2002"; VariantName = "[No Variations]"
Add component (AddParameter): Name = "LatestRevisionNote"; Value = "Re-released for DXP Platform."; VariantName = "[No Variations]"
Add component (AddParameter): Name = "PackageDescription"; Value = "Axial Device, Thru-Hole; 2 Leads; 0.4 in Pin Spacing"; VariantName = "[No Variations]"
Add component (AddParameter): Name = "PackageReference"; Value = "AXIAL-0.4"; VariantName = "[No Variations]"
Add component (AddParameter): Name = "Published"; Value = "8-Jun-2000"; VariantName = "[No Variations]"
Add component (AddParameter): Name = "Publisher"; Value = "Altium Limited"; VariantName = "[No Variations]"
Added Component: Designator=J2(0402-0R)
Add component (AddParameter): Name = "LatestRevisionDate"; Value = "17-Jul-2002"; VariantName = "[No Variations]"
Add component (AddParameter): Name = "LatestRevisionNote"; Value = "Re-released for DXP Platform."; VariantName = "[No Variations]"
Add component (AddParameter): Name = "PackageDescription"; Value = "Axial Device, Thru-Hole; 2 Leads; 0.4 in Pin Spacing"; VariantName = "[No Variations]"
Add component (AddParameter): Name = "PackageReference"; Value = "AXIAL-0.4"; VariantName = "[No Variations]"
Add component (AddParameter): Name = "Published"; Value = "8-Jun-2000"; VariantName = "[No Variations]"
Add component (AddParameter): Name = "Publisher"; Value = "Altium Limited"; VariantName = "[No Variations]"
Added Component: Designator=J3(0402-0R)
Add component (AddParameter): Name = "LatestRevisionDate"; Value = "17-Jul-2002"; VariantName = "[No Variations]"
Add component (AddParameter): Name = "LatestRevisionNote"; Value = "Re-released for DXP Platform."; VariantName = "[No Variations]"
Add component (AddParameter): Name = "PackageDescription"; Value = "Axial Device, Thru-Hole; 2 Leads; 0.4 in Pin Spacing"; VariantName = "[No Variations]"
Add component (AddParameter): Name = "PackageReference"; Value = "AXIAL-0.4"; VariantName = "[No Variations]"
Add component (AddParameter): Name = "Published"; Value = "8-Jun-2000"; VariantName = "[No Variations]"
Add component (AddParameter): Name = "Publisher"; Value = "Altium Limited"; VariantName = "[No Variations]"
Added Component: Designator=J4(0402-0R)
Add component (AddParameter): Name = "LatestRevisionDate"; Value = "17-Jul-2002"; VariantName = "[No Variations]"
Add component (AddParameter): Name = "LatestRevisionNote"; Value = "Re-released for DXP Platform."; VariantName = "[No Variations]"
Add component (AddParameter): Name = "PackageDescription"; Value = "Axial Device, Thru-Hole; 2 Leads; 0.4 in Pin Spacing"; VariantName = "[No Variations]"
Add component (AddParameter): Name = "PackageReference"; Value = "AXIAL-0.4"; VariantName = "[No Variations]"
Add component (AddParameter): Name = "Published"; Value = "8-Jun-2000"; VariantName = "[No Variations]"
Add component (AddParameter): Name = "Publisher"; Value = "Altium Limited"; VariantName = "[No Variations]"
Added Component: Designator=J5(0402-0R)
Add component (AddParameter): Name = "LatestRevisionDate"; Value = "17-Jul-2002"; VariantName = "[No Variations]"
Add component (AddParameter): Name = "LatestRevisionNote"; Value = "Re-released for DXP Platform."; VariantName = "[No Variations]"
Add component (AddParameter): Name = "PackageDescription"; Value = "Axial Device, Thru-Hole; 2 Leads; 0.4 in Pin Spacing"; VariantName = "[No Variations]"
Add component (AddParameter): Name = "PackageReference"; Value = "AXIAL-0.4"; VariantName = "[No Variations]"
Add component (AddParameter): Name = "Published"; Value = "8-Jun-2000"; VariantName = "[No Variations]"
Add component (AddParameter): Name = "Publisher"; Value = "Altium Limited"; VariantName = "[No Variations]"
Added Component: Designator=J6(0402-0R)
Add component (AddParameter): Name = "LatestRevisionDate"; Value = "17-Jul-2002"; VariantName = "[No Variations]"
Add component (AddParameter): Name = "LatestRevisionNote"; Value = "Re-released for DXP Platform."; VariantName = "[No Variations]"
Add component (AddParameter): Name = "PackageDescription"; Value = "Axial Device, Thru-Hole; 2 Leads; 0.4 in Pin Spacing"; VariantName = "[No Variations]"
Add component (AddParameter): Name = "PackageReference"; Value = "AXIAL-0.4"; VariantName = "[No Variations]"
Add component (AddParameter): Name = "Published"; Value = "8-Jun-2000"; VariantName = "[No Variations]"
Add component (AddParameter): Name = "Publisher"; Value = "Altium Limited"; VariantName = "[No Variations]"
Added Pin To Net: NetName=GPIO12 Pin=J1-1
Added Pin To Net: NetName=GPIO12 Pin=J1-2
Added Pin To Net: NetName=GPIO14 Pin=J2-1
Added Pin To Net: NetName=GPIO14 Pin=J2-2
Added Pin To Net: NetName=MPU_SDA Pin=J3-1
Added Pin To Net: NetName=GPIO21 Pin=J3-2
Added Pin To Net: NetName=MPU_SCL Pin=J4-1
Added Pin To Net: NetName=GPIO22 Pin=J4-2
Added Pin To Net: NetName=GPIO21 Pin=J5-2
Added Pin To Net: NetName=GPIO22 Pin=J6-2
Added Pin To Net: NetName=GPIO26 Pin=R6-1
Added Pin To Net: NetName=GPIO13 Pin=R8-1
Added Pin To Net: NetName=GPIO14 Pin=R9-1
Added Pin To Net: NetName=GPIO15 Pin=R10-1
Added Pin To Net: NetName=GPIO15 Pin=TF1-2
Added Pin To Net: NetName=GPIO13 Pin=TF1-3
Added Pin To Net: NetName=GPIO14 Pin=TF1-5
Added Pin To Net: NetName=GPIO26 Pin=TF1-7
Added Pin To Net: NetName=MAX_SCL Pin=J6-1
Added Pin To Net: NetName=MAX_SCL Pin=P1-3
Added Net: Name=MAX_SCL
Added Pin To Net: NetName=MAX_SDA Pin=J5-1
Added Pin To Net: NetName=MAX_SDA Pin=P1-2
Added Net: Name=MAX_SDA
Added Member To Class: ClassName=Sheet1 Member=Component J1 跳线
Added Member To Class: ClassName=Sheet1 Member=Component J2 跳线
Added Member To Class: ClassName=Sheet1 Member=Component J3 跳线
Added Member To Class: ClassName=Sheet1 Member=Component J4 跳线
Added Member To Class: ClassName=Sheet1 Member=Component J5 跳线
Added Member To Class: ClassName=Sheet1 Member=Component J6 跳线
